2021-05-14 18:34:45:3445 info: Server is working
2021-05-14 18:36:20:3620 info: Room id is:fGeB-QJNv-euet
2021-05-14 18:36:20:3620 info: User Name is:raj
2021-05-14 18:36:20:3620 info: UserrajJoined roomfGeB-QJNv-euetsuccessfully
2021-05-14 18:37:51:3751 info: Server is working
2021-05-14 18:38:25:3825 info: Server is working
2021-05-14 18:38:54:3854 info: Room id is: fGeB-QJNv-euet
2021-05-14 18:38:54:3854 info: User Name is: raj
2021-05-14 18:38:54:3854 info: User: raj Joined room: fGeB-QJNv-euet successfully
2021-05-14 18:39:16:3916 info: Server is working
2021-07-02 11:17:35:1735 info: Server is working
2021-07-02 11:27:19:2719 info: Room id is: kBaS-Xvib-vkDe
2021-07-02 11:27:19:2719 info: User Name is: Pracheer
2021-07-02 11:27:19:2719 info: User: Pracheer joined Room: kBaS-Xvib-vkDe successfully
2021-07-02 11:27:27:2727 info: Message to roomId: kBaS-Xvib-vkDe is: i
2021-07-02 11:27:27:2727 info: Message to roomId: kBaS-Xvib-vkDe is: im
2021-07-02 11:27:27:2727 info: Message to roomId: kBaS-Xvib-vkDe is: imp
2021-07-02 11:27:27:2727 info: Message to roomId: kBaS-Xvib-vkDe is: impo
2021-07-02 11:27:27:2727 info: Message to roomId: kBaS-Xvib-vkDe is: impoe
2021-07-02 11:27:28:2728 info: Message to roomId: kBaS-Xvib-vkDe is: impoer
2021-07-02 11:27:28:2728 info: Message to roomId: kBaS-Xvib-vkDe is: impoert
2021-07-02 11:27:28:2728 info: Message to roomId: kBaS-Xvib-vkDe is: impoer
2021-07-02 11:27:29:2729 info: Message to roomId: kBaS-Xvib-vkDe is: impoe
2021-07-02 11:27:29:2729 info: Message to roomId: kBaS-Xvib-vkDe is: impo
2021-07-02 11:27:29:2729 info: Message to roomId: kBaS-Xvib-vkDe is: imp
2021-07-02 11:27:30:2730 info: Message to roomId: kBaS-Xvib-vkDe is: impo
2021-07-02 11:27:30:2730 info: Message to roomId: kBaS-Xvib-vkDe is: impor
2021-07-02 11:27:31:2731 info: Message to roomId: kBaS-Xvib-vkDe is: import
2021-07-02 11:27:31:2731 info: Message to roomId: kBaS-Xvib-vkDe is: import 
2021-07-02 11:27:31:2731 info: Message to roomId: kBaS-Xvib-vkDe is: import j
2021-07-02 11:27:31:2731 info: Message to roomId: kBaS-Xvib-vkDe is: import ja
2021-07-02 11:27:31:2731 info: Message to roomId: kBaS-Xvib-vkDe is: import jav
2021-07-02 11:27:31:2731 info: Message to roomId: kBaS-Xvib-vkDe is: import java
2021-07-02 11:27:32:2732 info: Message to roomId: kBaS-Xvib-vkDe is: import java.
2021-07-02 11:27:33:2733 info: Message to roomId: kBaS-Xvib-vkDe is: import java.i
2021-07-02 11:27:33:2733 info: Message to roomId: kBaS-Xvib-vkDe is: import java.io
2021-07-02 11:27:35:2735 info: Message to roomId: kBaS-Xvib-vkDe is: import java.io.
2021-07-02 11:27:35:2735 info: Message to roomId: kBaS-Xvib-vkDe is: import java.io.*
2021-07-02 11:27:36:2736 info: Message to roomId: kBaS-Xvib-vkDe is: import java.io.*;
2021-07-02 11:27:36:2736 info: Message to roomId: kBaS-Xvib-vkDe is: import java.io.*;

2021-07-02 11:27:41:2741 info: Message to roomId: kBaS-Xvib-vkDe is: import java.io.*;
c
2021-07-02 11:27:42:2742 info: Message to roomId: kBaS-Xvib-vkDe is: import java.io.*;
cl
2021-07-02 11:27:42:2742 info: Message to roomId: kBaS-Xvib-vkDe is: import java.io.*;
cla
2021-07-02 11:27:42:2742 info: Message to roomId: kBaS-Xvib-vkDe is: import java.io.*;
clas
2021-07-02 11:27:43:2743 info: Message to roomId: kBaS-Xvib-vkDe is: import java.io.*;
class
2021-07-02 11:27:43:2743 info: Message to roomId: kBaS-Xvib-vkDe is: import java.io.*;
class 
2021-07-02 11:27:45:2745 info: Message to roomId: kBaS-Xvib-vkDe is: import java.io.*;
class M
2021-07-02 11:27:45:2745 info: Message to roomId: kBaS-Xvib-vkDe is: import java.io.*;
class Ma
2021-07-02 11:27:45:2745 info: Message to roomId: kBaS-Xvib-vkDe is: import java.io.*;
class Mai
2021-07-02 11:27:45:2745 info: Message to roomId: kBaS-Xvib-vkDe is: import java.io.*;
class Main
2021-07-02 11:27:47:2747 info: Message to roomId: kBaS-Xvib-vkDe is: import java.io.*;
class Main{
2021-07-02 11:27:47:2747 info: Message to roomId: kBaS-Xvib-vkDe is: import java.io.*;
class Main{
    
}
2021-07-02 11:27:50:2750 info: Message to roomId: kBaS-Xvib-vkDe is: import java.io.*;
class Main{
    p
}
2021-07-02 11:27:50:2750 info: Message to roomId: kBaS-Xvib-vkDe is: import java.io.*;
class Main{
    pu
}
2021-07-02 11:27:50:2750 info: Message to roomId: kBaS-Xvib-vkDe is: import java.io.*;
class Main{
    pub
}
2021-07-02 11:27:51:2751 info: Message to roomId: kBaS-Xvib-vkDe is: import java.io.*;
class Main{
    publ
}
2021-07-02 11:27:51:2751 info: Message to roomId: kBaS-Xvib-vkDe is: import java.io.*;
class Main{
    publi
}
2021-07-02 11:27:51:2751 info: Message to roomId: kBaS-Xvib-vkDe is: import java.io.*;
class Main{
    public
}
2021-07-02 11:27:51:2751 info: Message to roomId: kBaS-Xvib-vkDe is: import java.io.*;
class Main{
    public 
}
2021-07-02 11:27:51:2751 info: Message to roomId: kBaS-Xvib-vkDe is: import java.io.*;
class Main{
    public s
}
2021-07-02 11:27:52:2752 info: Message to roomId: kBaS-Xvib-vkDe is: import java.io.*;
class Main{
    public st
}
2021-07-02 11:27:52:2752 info: Message to roomId: kBaS-Xvib-vkDe is: import java.io.*;
class Main{
    public sta
}
2021-07-02 11:27:52:2752 info: Message to roomId: kBaS-Xvib-vkDe is: import java.io.*;
class Main{
    public stat
}
2021-07-02 11:27:52:2752 info: Message to roomId: kBaS-Xvib-vkDe is: import java.io.*;
class Main{
    public stati
}
2021-07-02 11:27:53:2753 info: Message to roomId: kBaS-Xvib-vkDe is: import java.io.*;
class Main{
    public static
}
2021-07-02 11:27:53:2753 info: Message to roomId: kBaS-Xvib-vkDe is: import java.io.*;
class Main{
    public static 
}
2021-07-02 11:27:53:2753 info: Message to roomId: kBaS-Xvib-vkDe is: import java.io.*;
class Main{
    public static v
}
2021-07-02 11:27:53:2753 info: Message to roomId: kBaS-Xvib-vkDe is: import java.io.*;
class Main{
    public static vo
}
2021-07-02 11:27:53:2753 info: Message to roomId: kBaS-Xvib-vkDe is: import java.io.*;
class Main{
    public static voi
}
2021-07-02 11:27:54:2754 info: Message to roomId: kBaS-Xvib-vkDe is: import java.io.*;
class Main{
    public static void
}
2021-07-02 11:27:54:2754 info: Message to roomId: kBaS-Xvib-vkDe is: import java.io.*;
class Main{
    public static void 
}
2021-07-02 11:27:54:2754 info: Message to roomId: kBaS-Xvib-vkDe is: import java.io.*;
class Main{
    public static void m
}
2021-07-02 11:27:54:2754 info: Message to roomId: kBaS-Xvib-vkDe is: import java.io.*;
class Main{
    public static void ma
}
2021-07-02 11:27:54:2754 info: Message to roomId: kBaS-Xvib-vkDe is: import java.io.*;
class Main{
    public static void mai
}
2021-07-02 11:27:55:2755 info: Message to roomId: kBaS-Xvib-vkDe is: import java.io.*;
class Main{
    public static void main
}
2021-07-02 11:27:56:2756 info: Message to roomId: kBaS-Xvib-vkDe is: import java.io.*;
class Main{
    public static void main{
}
2021-07-02 11:27:56:2756 info: Message to roomId: kBaS-Xvib-vkDe is: import java.io.*;
class Main{
    public static void main{
        
    }
}
2021-07-02 11:28:01:281 info: Message to roomId: kBaS-Xvib-vkDe is: import java.io.*;
class Main{
    public static void main{
        S
    }
}
2021-07-02 11:28:01:281 info: Message to roomId: kBaS-Xvib-vkDe is: import java.io.*;
class Main{
    public static void main{
        Sy
    }
}
2021-07-02 11:28:01:281 info: Message to roomId: kBaS-Xvib-vkDe is: import java.io.*;
class Main{
    public static void main{
        Sys
    }
}
2021-07-02 11:28:01:281 info: Message to roomId: kBaS-Xvib-vkDe is: import java.io.*;
class Main{
    public static void main{
        Syst
    }
}
2021-07-02 11:28:02:282 info: Message to roomId: kBaS-Xvib-vkDe is: import java.io.*;
class Main{
    public static void main{
        Syste
    }
}
2021-07-02 11:28:02:282 info: Message to roomId: kBaS-Xvib-vkDe is: import java.io.*;
class Main{
    public static void main{
        System
    }
}
2021-07-02 11:28:02:282 info: Message to roomId: kBaS-Xvib-vkDe is: import java.io.*;
class Main{
    public static void main{
        System.
    }
}
2021-07-02 11:28:03:283 info: Message to roomId: kBaS-Xvib-vkDe is: import java.io.*;
class Main{
    public static void main{
        System.o
    }
}
2021-07-02 11:28:03:283 info: Message to roomId: kBaS-Xvib-vkDe is: import java.io.*;
class Main{
    public static void main{
        System.ou
    }
}
2021-07-02 11:28:03:283 info: Message to roomId: kBaS-Xvib-vkDe is: import java.io.*;
class Main{
    public static void main{
        System.out
    }
}
2021-07-02 11:28:04:284 info: Message to roomId: kBaS-Xvib-vkDe is: import java.io.*;
class Main{
    public static void main{
        System.out.
    }
}
2021-07-02 11:28:04:284 info: Message to roomId: kBaS-Xvib-vkDe is: import java.io.*;
class Main{
    public static void main{
        System.out.p
    }
}
2021-07-02 11:28:04:284 info: Message to roomId: kBaS-Xvib-vkDe is: import java.io.*;
class Main{
    public static void main{
        System.out.pe
    }
}
2021-07-02 11:28:05:285 info: Message to roomId: kBaS-Xvib-vkDe is: import java.io.*;
class Main{
    public static void main{
        System.out.p
    }
}
2021-07-02 11:28:05:285 info: Message to roomId: kBaS-Xvib-vkDe is: import java.io.*;
class Main{
    public static void main{
        System.out.pr
    }
}
2021-07-02 11:28:05:285 info: Message to roomId: kBaS-Xvib-vkDe is: import java.io.*;
class Main{
    public static void main{
        System.out.pri
    }
}
2021-07-02 11:28:06:286 info: Message to roomId: kBaS-Xvib-vkDe is: import java.io.*;
class Main{
    public static void main{
        System.out.prin
    }
}
2021-07-02 11:28:06:286 info: Message to roomId: kBaS-Xvib-vkDe is: import java.io.*;
class Main{
    public static void main{
        System.out.print
    }
}
2021-07-02 11:28:07:287 info: Message to roomId: kBaS-Xvib-vkDe is: import java.io.*;
class Main{
    public static void main{
        System.out.print()
    }
}
2021-07-02 11:28:08:288 info: Message to roomId: kBaS-Xvib-vkDe is: import java.io.*;
class Main{
    public static void main{
        System.out.print("")
    }
}
2021-07-02 11:28:10:2810 info: Message to roomId: kBaS-Xvib-vkDe is: import java.io.*;
class Main{
    public static void main{
        System.out.print("G")
    }
}
2021-07-02 11:28:10:2810 info: Message to roomId: kBaS-Xvib-vkDe is: import java.io.*;
class Main{
    public static void main{
        System.out.print("Ge")
    }
}
2021-07-02 11:28:11:2811 info: Message to roomId: kBaS-Xvib-vkDe is: import java.io.*;
class Main{
    public static void main{
        System.out.print("G")
    }
}
2021-07-02 11:28:11:2811 info: Message to roomId: kBaS-Xvib-vkDe is: import java.io.*;
class Main{
    public static void main{
        System.out.print("")
    }
}
2021-07-02 11:28:12:2812 info: Message to roomId: kBaS-Xvib-vkDe is: import java.io.*;
class Main{
    public static void main{
        System.out.print("B")
    }
}
2021-07-02 11:28:13:2813 info: Message to roomId: kBaS-Xvib-vkDe is: import java.io.*;
class Main{
    public static void main{
        System.out.print("Ba")
    }
}
2021-07-02 11:28:13:2813 info: Message to roomId: kBaS-Xvib-vkDe is: import java.io.*;
class Main{
    public static void main{
        System.out.print("Ban")
    }
}
2021-07-02 11:28:13:2813 info: Message to roomId: kBaS-Xvib-vkDe is: import java.io.*;
class Main{
    public static void main{
        System.out.print("Bana")
    }
}
2021-07-02 11:28:13:2813 info: Message to roomId: kBaS-Xvib-vkDe is: import java.io.*;
class Main{
    public static void main{
        System.out.print("Banan")
    }
}
2021-07-02 11:28:13:2813 info: Message to roomId: kBaS-Xvib-vkDe is: import java.io.*;
class Main{
    public static void main{
        System.out.print("Banana")
    }
}
2021-07-02 11:28:16:2816 info: Message to roomId: kBaS-Xvib-vkDe is: import java.io.*;
class Main{
    public static void main{
        System.out.print("Banana");
    }
}
2021-07-02 11:28:55:2855 info: Message to roomId: kBaS-Xvib-vkDe is: import java.io.*;
class Main{
    public static void main({
        System.out.print("Banana");
    }
}
2021-07-02 11:28:55:2855 info: Message to roomId: kBaS-Xvib-vkDe is: import java.io.*;
class Main{
    public static void main(){
        System.out.print("Banana");
    }
}
2021-07-02 11:28:58:2858 info: Message to roomId: kBaS-Xvib-vkDe is: import java.io.*;
class Main{
    public static void main(S){
        System.out.print("Banana");
    }
}
2021-07-02 11:28:58:2858 info: Message to roomId: kBaS-Xvib-vkDe is: import java.io.*;
class Main{
    public static void main(St){
        System.out.print("Banana");
    }
}
2021-07-02 11:29:00:290 info: Message to roomId: kBaS-Xvib-vkDe is: import java.io.*;
class Main{
    public static void main(Str){
        System.out.print("Banana");
    }
}
2021-07-02 11:29:02:292 info: Message to roomId: kBaS-Xvib-vkDe is: import java.io.*;
class Main{
    public static void main(Stri){
        System.out.print("Banana");
    }
}
2021-07-02 11:29:02:292 info: Message to roomId: kBaS-Xvib-vkDe is: import java.io.*;
class Main{
    public static void main(Strin){
        System.out.print("Banana");
    }
}
2021-07-02 11:29:02:292 info: Message to roomId: kBaS-Xvib-vkDe is: import java.io.*;
class Main{
    public static void main(String){
        System.out.print("Banana");
    }
}
2021-07-02 11:29:02:292 info: Message to roomId: kBaS-Xvib-vkDe is: import java.io.*;
class Main{
    public static void main(String ){
        System.out.print("Banana");
    }
}
2021-07-02 11:29:03:293 info: Message to roomId: kBaS-Xvib-vkDe is: import java.io.*;
class Main{
    public static void main(String a){
        System.out.print("Banana");
    }
}
2021-07-02 11:29:04:294 info: Message to roomId: kBaS-Xvib-vkDe is: import java.io.*;
class Main{
    public static void main(String ar){
        System.out.print("Banana");
    }
}
2021-07-02 11:29:04:294 info: Message to roomId: kBaS-Xvib-vkDe is: import java.io.*;
class Main{
    public static void main(String ars){
        System.out.print("Banana");
    }
}
2021-07-02 11:29:05:295 info: Message to roomId: kBaS-Xvib-vkDe is: import java.io.*;
class Main{
    public static void main(String ar){
        System.out.print("Banana");
    }
}
2021-07-02 11:29:05:295 info: Message to roomId: kBaS-Xvib-vkDe is: import java.io.*;
class Main{
    public static void main(String arg){
        System.out.print("Banana");
    }
}
2021-07-02 11:29:05:295 info: Message to roomId: kBaS-Xvib-vkDe is: import java.io.*;
class Main{
    public static void main(String args){
        System.out.print("Banana");
    }
}
2021-07-02 11:29:06:296 info: Message to roomId: kBaS-Xvib-vkDe is: import java.io.*;
class Main{
    public static void main(String args[]){
        System.out.print("Banana");
    }
}
2021-07-02 14:43:52:4352 info: Pracheer left the room
2021-07-02 15:43:50:4350 info:  left the room
